2025-09-08 15:55:26: [Error: Could not find a production build in the '.next' directory. Try building your app with 'next build' before starting the production server. https://nextjs.org/docs/messages/production-start-no-build-id]
2025-09-08 15:55:49: [Error: Could not find a production build in the '.next' directory. Try building your app with 'next build' before starting the production server. https://nextjs.org/docs/messages/production-start-no-build-id]
2025-09-08 15:55:53: [Error: Could not find a production build in the '.next' directory. Try building your app with 'next build' before starting the production server. https://nextjs.org/docs/messages/production-start-no-build-id]
2025-09-08 15:55:56: [Error: Could not find a production build in the '.next' directory. Try building your app with 'next build' before starting the production server. https://nextjs.org/docs/messages/production-start-no-build-id]
2025-09-08 15:55:59: [Error: Could not find a production build in the '.next' directory. Try building your app with 'next build' before starting the production server. https://nextjs.org/docs/messages/production-start-no-build-id]
2025-09-08 15:56:02: [Error: Could not find a production build in the '.next' directory. Try building your app with 'next build' before starting the production server. https://nextjs.org/docs/messages/production-start-no-build-id]
2025-09-08 15:56:05: [Error: Could not find a production build in the '.next' directory. Try building your app with 'next build' before starting the production server. https://nextjs.org/docs/messages/production-start-no-build-id]
2025-09-08 15:56:08: [Error: Could not find a production build in the '.next' directory. Try building your app with 'next build' before starting the production server. https://nextjs.org/docs/messages/production-start-no-build-id]
2025-09-08 15:56:11: [Error: Could not find a production build in the '.next' directory. Try building your app with 'next build' before starting the production server. https://nextjs.org/docs/messages/production-start-no-build-id]
2025-09-08 15:56:14: [Error: Could not find a production build in the '.next' directory. Try building your app with 'next build' before starting the production server. https://nextjs.org/docs/messages/production-start-no-build-id]
2025-09-08 15:56:17: [Error: Could not find a production build in the '.next' directory. Try building your app with 'next build' before starting the production server. https://nextjs.org/docs/messages/production-start-no-build-id]
2025-09-08 15:56:21: [Error: Could not find a production build in the '.next' directory. Try building your app with 'next build' before starting the production server. https://nextjs.org/docs/messages/production-start-no-build-id]
2025-09-08 15:56:44: [Error: Could not find a production build in the '.next' directory. Try building your app with 'next build' before starting the production server. https://nextjs.org/docs/messages/production-start-no-build-id]
2025-09-08 15:56:47: [Error: Could not find a production build in the '.next' directory. Try building your app with 'next build' before starting the production server. https://nextjs.org/docs/messages/production-start-no-build-id]
2025-09-08 15:56:51: [Error: Could not find a production build in the '.next' directory. Try building your app with 'next build' before starting the production server. https://nextjs.org/docs/messages/production-start-no-build-id]
2025-09-08 15:56:54: [Error: Could not find a production build in the '.next' directory. Try building your app with 'next build' before starting the production server. https://nextjs.org/docs/messages/production-start-no-build-id]
2025-09-08 15:56:57: [Error: Could not find a production build in the '.next' directory. Try building your app with 'next build' before starting the production server. https://nextjs.org/docs/messages/production-start-no-build-id]
2025-09-08 15:57:00: [Error: Could not find a production build in the '.next' directory. Try building your app with 'next build' before starting the production server. https://nextjs.org/docs/messages/production-start-no-build-id]
2025-09-08 15:57:03: [Error: Could not find a production build in the '.next' directory. Try building your app with 'next build' before starting the production server. https://nextjs.org/docs/messages/production-start-no-build-id]
2025-09-08 15:57:06: [Error: Could not find a production build in the '.next' directory. Try building your app with 'next build' before starting the production server. https://nextjs.org/docs/messages/production-start-no-build-id]
2025-09-08 15:57:10: [Error: Could not find a production build in the '.next' directory. Try building your app with 'next build' before starting the production server. https://nextjs.org/docs/messages/production-start-no-build-id]
2025-09-08 15:57:14: [Error: Could not find a production build in the '.next' directory. Try building your app with 'next build' before starting the production server. https://nextjs.org/docs/messages/production-start-no-build-id]
2025-09-08 15:57:41: [Error: Could not find a production build in the '.next' directory. Try building your app with 'next build' before starting the production server. https://nextjs.org/docs/messages/production-start-no-build-id]
2025-09-08 15:57:47: [Error: ENOENT: no such file or directory, open 'E:\SheetSync\.next\prerender-manifest.json'] {
2025-09-08 15:57:47:   errno: -4058,
2025-09-08 15:57:47:   code: 'ENOENT',
2025-09-08 15:57:47:   syscall: 'open',
2025-09-08 15:57:47:   path: 'E:\\SheetSync\\.next\\prerender-manifest.json'
2025-09-08 15:57:47: }
2025-09-08 15:57:50: [Error: ENOENT: no such file or directory, open 'E:\SheetSync\.next\prerender-manifest.json'] {
2025-09-08 15:57:50:   errno: -4058,
2025-09-08 15:57:50:   code: 'ENOENT',
2025-09-08 15:57:50:   syscall: 'open',
2025-09-08 15:57:50:   path: 'E:\\SheetSync\\.next\\prerender-manifest.json'
2025-09-08 15:57:50: }
2025-09-08 15:57:53: [Error: ENOENT: no such file or directory, open 'E:\SheetSync\.next\prerender-manifest.json'] {
2025-09-08 15:57:53:   errno: -4058,
2025-09-08 15:57:53:   code: 'ENOENT',
2025-09-08 15:57:53:   syscall: 'open',
2025-09-08 15:57:53:   path: 'E:\\SheetSync\\.next\\prerender-manifest.json'
2025-09-08 15:57:53: }
